0 info it worked if it ends with ok
1 verbose cli [ '/usr/local/bin/node', '/newmnt/miniconda3/bin/npm', 'start' ]
2 info using npm@3.10.10
3 info using node@v12.13.0
4 verbose run-script [ 'prestart', 'start', 'poststart' ]
5 info lifecycle bob-bot@0.0.0~prestart: bob-bot@0.0.0
6 silly lifecycle bob-bot@0.0.0~prestart: no script for prestart, continuing
7 info lifecycle bob-bot@0.0.0~start: bob-bot@0.0.0
8 verbose lifecycle bob-bot@0.0.0~start: unsafe-perm in lifecycle true
9 verbose lifecycle bob-bot@0.0.0~start: PATH: /newmnt/miniconda3/lib/node_modules/npm/bin/node-gyp-bin:/home/smhan/Bob-bot/node_modules/.bin:/home/smhan/bin:/home/smhan/.local/bin:/home/smhan/bin:/home/smhan/.local/bin:/newmnt/miniconda3/bin:/newmnt/miniconda3/condabin:/usr/local/sbin:/usr/local/bin:/usr/sbin:/usr/bin:/sbin:/bin:/usr/games:/usr/local/games:/snap/bin
10 verbose lifecycle bob-bot@0.0.0~start: CWD: /home/smhan/Bob-bot
11 silly lifecycle bob-bot@0.0.0~start: Args: [ '-c', 'node ./bin/www' ]
12 silly lifecycle bob-bot@0.0.0~start: Returned: code: 1  signal: null
13 info lifecycle bob-bot@0.0.0~start: Failed to exec start script
14 verbose stack Error: bob-bot@0.0.0 start: `node ./bin/www`
14 verbose stack Exit status 1
14 verbose stack     at EventEmitter.<anonymous> (/newmnt/miniconda3/lib/node_modules/npm/lib/utils/lifecycle.js:255:16)
14 verbose stack     at EventEmitter.emit (events.js:210:5)
14 verbose stack     at ChildProcess.<anonymous> (/newmnt/miniconda3/lib/node_modules/npm/lib/utils/spawn.js:40:14)
14 verbose stack     at ChildProcess.emit (events.js:210:5)
14 verbose stack     at maybeClose (internal/child_process.js:1021:16)
14 verbose stack     at Process.ChildProcess._handle.onexit (internal/child_process.js:283:5)
15 verbose pkgid bob-bot@0.0.0
16 verbose cwd /home/smhan/Bob-bot
17 error Linux 4.15.0-117-generic
18 error argv "/usr/local/bin/node" "/newmnt/miniconda3/bin/npm" "start"
19 error node v12.13.0
20 error npm  v3.10.10
21 error code ELIFECYCLE
22 error bob-bot@0.0.0 start: `node ./bin/www`
22 error Exit status 1
23 error Failed at the bob-bot@0.0.0 start script 'node ./bin/www'.
23 error Make sure you have the latest version of node.js and npm installed.
23 error If you do, this is most likely a problem with the bob-bot package,
23 error not with npm itself.
23 error Tell the author that this fails on your system:
23 error     node ./bin/www
23 error You can get information on how to open an issue for this project with:
23 error     npm bugs bob-bot
23 error Or if that isn't available, you can get their info via:
23 error     npm owner ls bob-bot
23 error There is likely additional logging output above.
24 verbose exit [ 1, true ]
